<?xml version="1.0" encoding="UTF-8"?>
<coverage generated="1679972670634" clover="3.2.0">
  <project timestamp="1679972670634" name="All files">
    <metrics statements="30" coveredstatements="29" conditionals="5" coveredconditionals="5" methods="11" coveredmethods="11" elements="46" coveredelements="45" complexity="0" loc="30" ncloc="30" packages="2" files="2" classes="2"/>
    <package name="src">
      <metrics statements="24" coveredstatements="23" conditionals="5" coveredconditionals="5" methods="10" coveredmethods="10"/>
      <file name="index.ts" path="/Users/compels/Documents/git/C214_Engenharia_de_Software/src/index.ts">
        <metrics statements="24" coveredstatements="23" conditionals="5" coveredconditionals="5" methods="10" coveredmethods="10"/>
        <line num="1" count="1" type="stmt"/>
        <line num="2" count="1" type="stmt"/>
        <line num="4" count="1" type="stmt"/>
        <line num="5" count="8" type="stmt"/>
        <line num="8" count="5" type="stmt"/>
        <line num="10" count="5" type="cond" truecount="1" falsecount="0"/>
        <line num="11" count="5" type="stmt"/>
        <line num="12" count="5" type="stmt"/>
        <line num="14" count="0" type="stmt"/>
        <line num="24" count="6" type="stmt"/>
        <line num="31" count="6" type="stmt"/>
        <line num="38" count="2" type="stmt"/>
        <line num="39" count="7" type="stmt"/>
        <line num="41" count="2" type="cond" truecount="2" falsecount="0"/>
        <line num="42" count="1" type="stmt"/>
        <line num="44" count="1" type="stmt"/>
        <line num="49" count="2" type="stmt"/>
        <line num="50" count="4" type="stmt"/>
        <line num="52" count="2" type="cond" truecount="2" falsecount="0"/>
        <line num="53" count="1" type="stmt"/>
        <line num="55" count="1" type="stmt"/>
        <line num="60" count="3" type="stmt"/>
        <line num="64" count="9" type="stmt"/>
        <line num="67" count="1" type="stmt"/>
      </file>
    </package>
    <package name="src.model">
      <metrics statements="6" coveredstatements="6" conditionals="0" coveredconditionals="0" methods="1" coveredmethods="1"/>
      <file name="HorarioAtendimento.ts" path="/Users/compels/Documents/git/C214_Engenharia_de_Software/src/model/HorarioAtendimento.ts">
        <metrics statements="6" coveredstatements="6" conditionals="0" coveredconditionals="0" methods="1" coveredmethods="1"/>
        <line num="9" count="7" type="stmt"/>
        <line num="10" count="7" type="stmt"/>
        <line num="11" count="7" type="stmt"/>
        <line num="12" count="7" type="stmt"/>
        <line num="13" count="7" type="stmt"/>
        <line num="16" count="1" type="stmt"/>
      </file>
    </package>
  </project>
</coverage>
