<?xml version="1.0" encoding="UTF-8"?>
<coverage generated="1679968579814" clover="3.2.0">
  <project timestamp="1679968579814" name="All files">
    <metrics statements="30" coveredstatements="11" conditionals="5" coveredconditionals="1" methods="11" coveredmethods="3" elements="46" coveredelements="15" complexity="0" loc="30" ncloc="30" packages="2" files="2" classes="2"/>
    <package name="src">
      <metrics statements="24" coveredstatements="10" conditionals="5" coveredconditionals="1" methods="10" coveredmethods="3"/>
      <file name="index.ts" path="/Users/compels/Documents/git/C214_Engenharia_de_Software/src/index.ts">
        <metrics statements="24" coveredstatements="10" conditionals="5" coveredconditionals="1" methods="10" coveredmethods="3"/>
        <line num="1" count="1" type="stmt"/>
        <line num="2" count="1" type="stmt"/>
        <line num="4" count="1" type="stmt"/>
        <line num="5" count="1" type="stmt"/>
        <line num="8" count="1" type="stmt"/>
        <line num="10" count="1" type="cond" truecount="1" falsecount="0"/>
        <line num="11" count="1" type="stmt"/>
        <line num="12" count="1" type="stmt"/>
        <line num="14" count="0" type="stmt"/>
        <line num="24" count="0" type="stmt"/>
        <line num="31" count="0" type="stmt"/>
        <line num="38" count="0" type="stmt"/>
        <line num="39" count="0" type="stmt"/>
        <line num="41" count="0" type="cond" truecount="0" falsecount="2"/>
        <line num="42" count="0" type="stmt"/>
        <line num="44" count="0" type="stmt"/>
        <line num="49" count="0" type="stmt"/>
        <line num="50" count="0" type="stmt"/>
        <line num="52" count="0" type="cond" truecount="0" falsecount="2"/>
        <line num="53" count="0" type="stmt"/>
        <line num="55" count="0" type="stmt"/>
        <line num="60" count="1" type="stmt"/>
        <line num="64" count="0" type="stmt"/>
        <line num="67" count="1" type="stmt"/>
      </file>
    </package>
    <package name="src.model">
      <metrics statements="6" coveredstatements="1" conditionals="0" coveredconditionals="0" methods="1" coveredmethods="0"/>
      <file name="HorarioAtendimento.ts" path="/Users/compels/Documents/git/C214_Engenharia_de_Software/src/model/HorarioAtendimento.ts">
        <metrics statements="6" coveredstatements="1" conditionals="0" coveredconditionals="0" methods="1" coveredmethods="0"/>
        <line num="9" count="0" type="stmt"/>
        <line num="10" count="0" type="stmt"/>
        <line num="11" count="0" type="stmt"/>
        <line num="12" count="0" type="stmt"/>
        <line num="13" count="0" type="stmt"/>
        <line num="16" count="1" type="stmt"/>
      </file>
    </package>
  </project>
</coverage>
