{"/Users/compels/Documents/git/C214_Engenharia_de_Software/src/index.ts": {"path":"/Users/compels/Documents/git/C214_Engenharia_de_Software/src/index.ts","statementMap":{"0":{"start":{"line":1,"column":0},"end":{"line":1,"column":26}},"1":{"start":{"line":2,"column":0},"end":{"line":2,"column":60}},"2":{"start":{"line":5,"column":12},"end":{"line":5,"column":50}},"3":{"start":{"line":8,"column":40},"end":{"line":8,"column":106}},"4":{"start":{"line":10,"column":8},"end":{"line":13,"column":null}},"5":{"start":{"line":11,"column":12},"end":{"line":11,"column":54}},"6":{"start":{"line":12,"column":12},"end":{"line":12,"column":19}},"7":{"start":{"line":14,"column":8},"end":{"line":14,"column":24}},"8":{"start":{"line":24,"column":28},"end":{"line":29,"column":null}},"9":{"start":{"line":31,"column":8},"end":{"line":31,"column":37}},"10":{"start":{"line":38,"column":23},"end":{"line":39,"column":null}},"11":{"start":{"line":39,"column":25},"end":{"line":39,"column":68}},"12":{"start":{"line":41,"column":8},"end":{"line":45,"column":null}},"13":{"start":{"line":42,"column":12},"end":{"line":42,"column":45}},"14":{"start":{"line":44,"column":12},"end":{"line":44,"column":69}},"15":{"start":{"line":49,"column":23},"end":{"line":50,"column":null}},"16":{"start":{"line":50,"column":25},"end":{"line":50,"column":68}},"17":{"start":{"line":52,"column":8},"end":{"line":56,"column":null}},"18":{"start":{"line":53,"column":12},"end":{"line":53,"column":41}},"19":{"start":{"line":55,"column":12},"end":{"line":55,"column":69}},"20":{"start":{"line":60,"column":8},"end":{"line":60,"column":26}},"21":{"start":{"line":64,"column":8},"end":{"line":64,"column":111}},"22":{"start":{"line":64,"column":55},"end":{"line":64,"column":109}},"23":{"start":{"line":4,"column":0},"end":{"line":4,"column":13}},"24":{"start":{"line":67,"column":0},"end":{"line":67,"column":44}}},"fnMap":{"0":{"name":"(anonymous_8)","decl":{"start":{"line":4,"column":0},"end":{"line":4,"column":13}},"loc":{"start":{"line":4,"column":0},"end":{"line":66,"column":1}}},"1":{"name":"(anonymous_9)","decl":{"start":{"line":7,"column":17},"end":{"line":7,"column":38}},"loc":{"start":{"line":7,"column":38},"end":{"line":15,"column":null}}},"2":{"name":"(anonymous_11)","decl":{"start":{"line":17,"column":11},"end":{"line":17,"column":27}},"loc":{"start":{"line":22,"column":29},"end":{"line":32,"column":5}}},"3":{"name":"(anonymous_12)","decl":{"start":{"line":34,"column":11},"end":{"line":34,"column":24}},"loc":{"start":{"line":36,"column":39},"end":{"line":46,"column":5}}},"4":{"name":"(anonymous_13)","decl":{"start":{"line":39,"column":12},"end":{"line":39,"column":13}},"loc":{"start":{"line":39,"column":25},"end":{"line":39,"column":68}}},"5":{"name":"(anonymous_14)","decl":{"start":{"line":48,"column":11},"end":{"line":48,"column":25}},"loc":{"start":{"line":48,"column":49},"end":{"line":57,"column":5}}},"6":{"name":"(anonymous_15)","decl":{"start":{"line":50,"column":12},"end":{"line":50,"column":13}},"loc":{"start":{"line":50,"column":25},"end":{"line":50,"column":68}}},"7":{"name":"(anonymous_16)","decl":{"start":{"line":59,"column":11},"end":{"line":59,"column":41}},"loc":{"start":{"line":59,"column":41},"end":{"line":61,"column":5}}},"8":{"name":"(anonymous_17)","decl":{"start":{"line":63,"column":11},"end":{"line":63,"column":42}},"loc":{"start":{"line":63,"column":66},"end":{"line":65,"column":5}}},"9":{"name":"(anonymous_18)","decl":{"start":{"line":64,"column":31},"end":{"line":64,"column":32}},"loc":{"start":{"line":64,"column":55},"end":{"line":64,"column":109}}}},"branchMap":{"0":{"loc":{"start":{"line":10,"column":8},"end":{"line":13,"column":null}},"type":"if","locations":[{"start":{"line":10,"column":8},"end":{"line":13,"column":null}}]},"1":{"loc":{"start":{"line":41,"column":8},"end":{"line":45,"column":null}},"type":"if","locations":[{"start":{"line":41,"column":8},"end":{"line":45,"column":null}},{"start":{"line":43,"column":15},"end":{"line":45,"column":null}}]},"2":{"loc":{"start":{"line":52,"column":8},"end":{"line":56,"column":null}},"type":"if","locations":[{"start":{"line":52,"column":8},"end":{"line":56,"column":null}},{"start":{"line":54,"column":15},"end":{"line":56,"column":null}}]}},"s":{"0":1,"1":1,"2":8,"3":5,"4":5,"5":5,"6":5,"7":0,"8":6,"9":6,"10":2,"11":7,"12":2,"13":1,"14":1,"15":2,"16":4,"17":2,"18":1,"19":1,"20":3,"21":3,"22":9,"23":1,"24":1},"f":{"0":8,"1":5,"2":6,"3":2,"4":7,"5":2,"6":4,"7":3,"8":3,"9":9},"b":{"0":[5],"1":[1,1],"2":[1,1]}}
,"/Users/compels/Documents/git/C214_Engenharia_de_Software/src/model/HorarioAtendimento.ts": {"path":"/Users/compels/Documents/git/C214_Engenharia_de_Software/src/model/HorarioAtendimento.ts","statementMap":{"0":{"start":{"line":9,"column":8},"end":{"line":9,"column":36}},"1":{"start":{"line":10,"column":8},"end":{"line":10,"column":44}},"2":{"start":{"line":11,"column":8},"end":{"line":11,"column":31}},"3":{"start":{"line":12,"column":8},"end":{"line":12,"column":25}},"4":{"start":{"line":13,"column":8},"end":{"line":13,"column":29}},"5":{"start":{"line":16,"column":0},"end":{"line":16,"column":34}}},"fnMap":{"0":{"name":"(anonymous_0)","decl":{"start":{"line":8,"column":4},"end":{"line":8,"column":16}},"loc":{"start":{"line":8,"column":94},"end":{"line":14,"column":5}}}},"branchMap":{},"s":{"0":7,"1":7,"2":7,"3":7,"4":7,"5":1},"f":{"0":7},"b":{}}
}
