{"/Users/compels/Documents/git/C214_Engenharia_de_Software/src/index.ts": {"path":"/Users/compels/Documents/git/C214_Engenharia_de_Software/src/index.ts","statementMap":{"0":{"start":{"line":3,"column":4},"end":{"line":3,"column":23}},"1":{"start":{"line":2,"column":0},"end":{"line":2,"column":16}},"2":{"start":{"line":8,"column":4},"end":{"line":8,"column":23}},"3":{"start":{"line":7,"column":0},"end":{"line":7,"column":16}},"4":{"start":{"line":13,"column":4},"end":{"line":13,"column":23}},"5":{"start":{"line":12,"column":0},"end":{"line":12,"column":16}},"6":{"start":{"line":19,"column":4},"end":{"line":23,"column":null}},"7":{"start":{"line":20,"column":8},"end":{"line":20,"column":49}},"8":{"start":{"line":22,"column":8},"end":{"line":22,"column":27}},"9":{"start":{"line":17,"column":0},"end":{"line":17,"column":16}}},"fnMap":{"0":{"name":"somar","decl":{"start":{"line":2,"column":16},"end":{"line":2,"column":21}},"loc":{"start":{"line":2,"column":48},"end":{"line":4,"column":1}}},"1":{"name":"subtrair","decl":{"start":{"line":7,"column":16},"end":{"line":7,"column":24}},"loc":{"start":{"line":7,"column":51},"end":{"line":9,"column":1}}},"2":{"name":"multiplicar","decl":{"start":{"line":12,"column":16},"end":{"line":12,"column":27}},"loc":{"start":{"line":12,"column":54},"end":{"line":14,"column":1}}},"3":{"name":"dividir","decl":{"start":{"line":17,"column":16},"end":{"line":17,"column":23}},"loc":{"start":{"line":17,"column":50},"end":{"line":24,"column":1}}}},"branchMap":{"0":{"loc":{"start":{"line":19,"column":4},"end":{"line":23,"column":null}},"type":"if","locations":[{"start":{"line":19,"column":4},"end":{"line":23,"column":null}},{"start":{"line":21,"column":11},"end":{"line":23,"column":null}}]}},"s":{"0":2,"1":1,"2":2,"3":1,"4":2,"5":1,"6":2,"7":1,"8":1,"9":1},"f":{"0":2,"1":2,"2":2,"3":2},"b":{"0":[1,1]}}
}
