TN:
SF:src/index.ts
FN:4,(anonymous_8)
FN:7,(anonymous_9)
FN:17,(anonymous_11)
FN:34,(anonymous_12)
FN:39,(anonymous_13)
FN:48,(anonymous_14)
FN:50,(anonymous_15)
FN:59,(anonymous_16)
FN:63,(anonymous_17)
FN:64,(anonymous_18)
FNF:10
FNH:3
FNDA:1,(anonymous_8)
FNDA:1,(anonymous_9)
FNDA:0,(anonymous_11)
FNDA:0,(anonymous_12)
FNDA:0,(anonymous_13)
FNDA:0,(anonymous_14)
FNDA:0,(anonymous_15)
FNDA:1,(anonymous_16)
FNDA:0,(anonymous_17)
FNDA:0,(anonymous_18)
DA:1,1
DA:2,1
DA:4,1
DA:5,1
DA:8,1
DA:10,1
DA:11,1
DA:12,1
DA:14,0
DA:24,0
DA:31,0
DA:38,0
DA:39,0
DA:41,0
DA:42,0
DA:44,0
DA:49,0
DA:50,0
DA:52,0
DA:53,0
DA:55,0
DA:60,1
DA:64,0
DA:67,1
LF:24
LH:10
BRDA:10,0,0,1
BRDA:41,1,0,0
BRDA:41,1,1,0
BRDA:52,2,0,0
BRDA:52,2,1,0
BRF:5
BRH:1
end_of_record
TN:
SF:src/model/HorarioAtendimento.ts
FN:8,(anonymous_0)
FNF:1
FNH:0
FNDA:0,(anonymous_0)
DA:9,0
DA:10,0
DA:11,0
DA:12,0
DA:13,0
DA:16,1
LF:6
LH:1
BRF:0
BRH:0
end_of_record
