TN:
SF:src/index.ts
FN:4,(anonymous_8)
FN:7,(anonymous_9)
FN:17,(anonymous_11)
FN:34,(anonymous_12)
FN:39,(anonymous_13)
FN:48,(anonymous_14)
FN:50,(anonymous_15)
FN:59,(anonymous_16)
FN:63,(anonymous_17)
FN:64,(anonymous_18)
FNF:10
FNH:10
FNDA:8,(anonymous_8)
FNDA:5,(anonymous_9)
FNDA:6,(anonymous_11)
FNDA:2,(anonymous_12)
FNDA:7,(anonymous_13)
FNDA:2,(anonymous_14)
FNDA:4,(anonymous_15)
FNDA:3,(anonymous_16)
FNDA:3,(anonymous_17)
FNDA:9,(anonymous_18)
DA:1,1
DA:2,1
DA:4,1
DA:5,8
DA:8,5
DA:10,5
DA:11,5
DA:12,5
DA:14,0
DA:24,6
DA:31,6
DA:38,2
DA:39,7
DA:41,2
DA:42,1
DA:44,1
DA:49,2
DA:50,4
DA:52,2
DA:53,1
DA:55,1
DA:60,3
DA:64,9
DA:67,1
LF:24
LH:23
BRDA:10,0,0,5
BRDA:41,1,0,1
BRDA:41,1,1,1
BRDA:52,2,0,1
BRDA:52,2,1,1
BRF:5
BRH:5
end_of_record
TN:
SF:src/model/HorarioAtendimento.ts
FN:8,(anonymous_0)
FNF:1
FNH:1
FNDA:7,(anonymous_0)
DA:9,7
DA:10,7
DA:11,7
DA:12,7
DA:13,7
DA:16,1
LF:6
LH:6
BRF:0
BRH:0
end_of_record
